{"C:\\Users\\PC\\Desktop\\nodejs-endpoint\\src\\server.js": {"path":"C:\\Users\\PC\\Desktop\\nodejs-endpoint\\src\\server.js","statementMap":{"0":{"start":{"line":2,"column":0},"end":{"line":2,"column":16}},"1":{"start":{"line":13,"column":12},"end":{"line":13,"column":21}},"2":{"start":{"line":14,"column":0},"end":{"line":22,"column":2}},"3":{"start":{"line":24,"column":0},"end":{"line":24,"column":12}},"4":{"start":{"line":26,"column":0},"end":{"line":26,"column":24}},"5":{"start":{"line":27,"column":0},"end":{"line":27,"column":48}},"6":{"start":{"line":29,"column":0},"end":{"line":29,"column":31}},"7":{"start":{"line":30,"column":0},"end":{"line":30,"column":28}},"8":{"start":{"line":31,"column":0},"end":{"line":31,"column":38}},"9":{"start":{"line":32,"column":0},"end":{"line":32,"column":37}},"10":{"start":{"line":34,"column":0},"end":{"line":34,"column":38}},"11":{"start":{"line":35,"column":0},"end":{"line":35,"column":38}},"12":{"start":{"line":36,"column":0},"end":{"line":36,"column":41}},"13":{"start":{"line":38,"column":0},"end":{"line":43,"column":3}},"14":{"start":{"line":39,"column":2},"end":{"line":39,"column":41}},"15":{"start":{"line":40,"column":2},"end":{"line":42,"column":5}},"16":{"start":{"line":41,"column":4},"end":{"line":41,"column":50}}},"fnMap":{"0":{"name":"(anonymous_0)","decl":{"start":{"line":38,"column":33},"end":{"line":38,"column":34}},"loc":{"start":{"line":38,"column":39},"end":{"line":43,"column":1}},"line":38},"1":{"name":"(anonymous_1)","decl":{"start":{"line":40,"column":19},"end":{"line":40,"column":20}},"loc":{"start":{"line":40,"column":25},"end":{"line":42,"column":3}},"line":40}},"branchMap":{},"s":{"0":3,"1":3,"2":3,"3":3,"4":3,"5":3,"6":3,"7":3,"8":3,"9":3,"10":3,"11":3,"12":3,"13":3,"14":3,"15":3,"16":1},"f":{"0":3,"1":1},"b":{},"_coverageSchema":"1a1c01bbd47fc00a2c39e90264f33305004495a9","hash":"d662966ead66b8a2659de40e6c9187571ae157dc"}
,"C:\\Users\\PC\\Desktop\\nodejs-endpoint\\src\\config\\cloudinaryUpload.js": {"path":"C:\\Users\\PC\\Desktop\\nodejs-endpoint\\src\\config\\cloudinaryUpload.js","statementMap":{"0":{"start":{"line":2,"column":0},"end":{"line":2,"column":16}},"1":{"start":{"line":8,"column":0},"end":{"line":12,"column":3}},"2":{"start":{"line":14,"column":32},"end":{"line":42,"column":1}},"3":{"start":{"line":18,"column":23},"end":{"line":18,"column":33}},"4":{"start":{"line":21,"column":29},"end":{"line":21,"column":64}},"5":{"start":{"line":23,"column":2},"end":{"line":41,"column":7}},"6":{"start":{"line":30,"column":6},"end":{"line":30,"column":34}},"7":{"start":{"line":32,"column":6},"end":{"line":35,"column":8}},"8":{"start":{"line":39,"column":6},"end":{"line":39,"column":34}},"9":{"start":{"line":40,"column":6},"end":{"line":40,"column":33}}},"fnMap":{"0":{"name":"(anonymous_0)","decl":{"start":{"line":14,"column":32},"end":{"line":14,"column":33}},"loc":{"start":{"line":14,"column":56},"end":{"line":42,"column":1}},"line":14},"1":{"name":"(anonymous_1)","decl":{"start":{"line":25,"column":10},"end":{"line":25,"column":11}},"loc":{"start":{"line":25,"column":22},"end":{"line":36,"column":5}},"line":25},"2":{"name":"(anonymous_2)","decl":{"start":{"line":37,"column":11},"end":{"line":37,"column":12}},"loc":{"start":{"line":37,"column":22},"end":{"line":41,"column":5}},"line":37}},"branchMap":{},"s":{"0":3,"1":3,"2":3,"3":0,"4":0,"5":0,"6":0,"7":0,"8":0,"9":0},"f":{"0":0,"1":0,"2":0},"b":{},"_coverageSchema":"1a1c01bbd47fc00a2c39e90264f33305004495a9","hash":"b518083bf2174ce2c96c4d990e34766c559bb359"}
,"C:\\Users\\PC\\Desktop\\nodejs-endpoint\\src\\config\\connectDB.js": {"path":"C:\\Users\\PC\\Desktop\\nodejs-endpoint\\src\\config\\connectDB.js","statementMap":{"0":{"start":{"line":3,"column":0},"end":{"line":3,"column":35}},"1":{"start":{"line":5,"column":18},"end":{"line":17,"column":1}},"2":{"start":{"line":6,"column":2},"end":{"line":16,"column":3}},"3":{"start":{"line":7,"column":4},"end":{"line":13,"column":6}},"4":{"start":{"line":15,"column":4},"end":{"line":15,"column":21}}},"fnMap":{"0":{"name":"(anonymous_0)","decl":{"start":{"line":5,"column":18},"end":{"line":5,"column":19}},"loc":{"start":{"line":5,"column":30},"end":{"line":17,"column":1}},"line":5}},"branchMap":{},"s":{"0":3,"1":3,"2":6,"3":6,"4":0},"f":{"0":6},"b":{},"_coverageSchema":"1a1c01bbd47fc00a2c39e90264f33305004495a9","hash":"8dd4cdc50685c0d81fb5ec1ad05874b1570ac52d"}
,"C:\\Users\\PC\\Desktop\\nodejs-endpoint\\src\\config\\passportConfig.js": {"path":"C:\\Users\\PC\\Desktop\\nodejs-endpoint\\src\\config\\passportConfig.js","statementMap":{"0":{"start":{"line":5,"column":22},"end":{"line":5,"column":44}},"1":{"start":{"line":7,"column":31},"end":{"line":32,"column":1}},"2":{"start":{"line":8,"column":2},"end":{"line":31,"column":4}},"3":{"start":{"line":17,"column":8},"end":{"line":28,"column":9}},"4":{"start":{"line":19,"column":29},"end":{"line":19,"column":65}},"5":{"start":{"line":20,"column":10},"end":{"line":22,"column":11}},"6":{"start":{"line":21,"column":12},"end":{"line":21,"column":37}},"7":{"start":{"line":24,"column":23},"end":{"line":24,"column":31}},"8":{"start":{"line":25,"column":10},"end":{"line":25,"column":34}},"9":{"start":{"line":27,"column":10},"end":{"line":27,"column":22}},"10":{"start":{"line":34,"column":30},"end":{"line":60,"column":1}},"11":{"start":{"line":35,"column":2},"end":{"line":59,"column":4}},"12":{"start":{"line":43,"column":8},"end":{"line":56,"column":9}},"13":{"start":{"line":44,"column":23},"end":{"line":44,"column":59}},"14":{"start":{"line":45,"column":10},"end":{"line":45,"column":46}},"15":{"start":{"line":45,"column":21},"end":{"line":45,"column":46}},"16":{"start":{"line":47,"column":10},"end":{"line":47,"column":55}},"17":{"start":{"line":47,"column":30},"end":{"line":47,"column":55}},"18":{"start":{"line":49,"column":22},"end":{"line":49,"column":67}},"19":{"start":{"line":51,"column":10},"end":{"line":51,"column":47}},"20":{"start":{"line":51,"column":22},"end":{"line":51,"column":47}},"21":{"start":{"line":53,"column":10},"end":{"line":53,"column":34}},"22":{"start":{"line":55,"column":10},"end":{"line":55,"column":22}}},"fnMap":{"0":{"name":"(anonymous_0)","decl":{"start":{"line":7,"column":31},"end":{"line":7,"column":32}},"loc":{"start":{"line":7,"column":45},"end":{"line":32,"column":1}},"line":7},"1":{"name":"(anonymous_1)","decl":{"start":{"line":16,"column":6},"end":{"line":16,"column":7}},"loc":{"start":{"line":16,"column":44},"end":{"line":29,"column":7}},"line":16},"2":{"name":"(anonymous_2)","decl":{"start":{"line":34,"column":30},"end":{"line":34,"column":31}},"loc":{"start":{"line":34,"column":44},"end":{"line":60,"column":1}},"line":34},"3":{"name":"(anonymous_3)","decl":{"start":{"line":42,"column":6},"end":{"line":42,"column":7}},"loc":{"start":{"line":42,"column":39},"end":{"line":57,"column":7}},"line":42}},"branchMap":{"0":{"loc":{"start":{"line":20,"column":10},"end":{"line":22,"column":11}},"type":"if","locations":[{"start":{"line":20,"column":10},"end":{"line":22,"column":11}},{"start":{},"end":{}}],"line":20},"1":{"loc":{"start":{"line":45,"column":10},"end":{"line":45,"column":46}},"type":"if","locations":[{"start":{"line":45,"column":10},"end":{"line":45,"column":46}},{"start":{},"end":{}}],"line":45},"2":{"loc":{"start":{"line":47,"column":10},"end":{"line":47,"column":55}},"type":"if","locations":[{"start":{"line":47,"column":10},"end":{"line":47,"column":55}},{"start":{},"end":{}}],"line":47},"3":{"loc":{"start":{"line":51,"column":10},"end":{"line":51,"column":47}},"type":"if","locations":[{"start":{"line":51,"column":10},"end":{"line":51,"column":47}},{"start":{},"end":{}}],"line":51}},"s":{"0":3,"1":3,"2":3,"3":0,"4":0,"5":0,"6":0,"7":0,"8":0,"9":0,"10":3,"11":3,"12":0,"13":0,"14":0,"15":0,"16":0,"17":0,"18":0,"19":0,"20":0,"21":0,"22":0},"f":{"0":3,"1":0,"2":3,"3":0},"b":{"0":[0,0],"1":[0,0],"2":[0,0],"3":[0,0]},"_coverageSchema":"1a1c01bbd47fc00a2c39e90264f33305004495a9","hash":"49c75d754cf47130d3f97a94f761ec579242368d"}
,"C:\\Users\\PC\\Desktop\\nodejs-endpoint\\src\\config\\validation.js": {"path":"C:\\Users\\PC\\Desktop\\nodejs-endpoint\\src\\config\\validation.js","statementMap":{"0":{"start":{"line":3,"column":29},"end":{"line":11,"column":2}},"1":{"start":{"line":13,"column":28},"end":{"line":16,"column":2}},"2":{"start":{"line":18,"column":27},"end":{"line":23,"column":2}},"3":{"start":{"line":25,"column":28},"end":{"line":33,"column":2}},"4":{"start":{"line":34,"column":30},"end":{"line":36,"column":2}}},"fnMap":{},"branchMap":{},"s":{"0":3,"1":3,"2":3,"3":3,"4":3},"f":{},"b":{},"_coverageSchema":"1a1c01bbd47fc00a2c39e90264f33305004495a9","hash":"7e1c63213cf02684733adfc8c9cf1cbb1b4caac4"}
,"C:\\Users\\PC\\Desktop\\nodejs-endpoint\\src\\controllers\\blogsController.js": {"path":"C:\\Users\\PC\\Desktop\\nodejs-endpoint\\src\\controllers\\blogsController.js","statementMap":{"0":{"start":{"line":5,"column":27},"end":{"line":24,"column":1}},"1":{"start":{"line":6,"column":16},"end":{"line":6,"column":33}},"2":{"start":{"line":7,"column":2},"end":{"line":7,"column":73}},"3":{"start":{"line":7,"column":14},"end":{"line":7,"column":73}},"4":{"start":{"line":9,"column":27},"end":{"line":9,"column":29}},"5":{"start":{"line":11,"column":2},"end":{"line":21,"column":3}},"6":{"start":{"line":12,"column":15},"end":{"line":19,"column":5}},"7":{"start":{"line":20,"column":4},"end":{"line":20,"column":34}},"8":{"start":{"line":23,"column":2},"end":{"line":23,"column":18}},"9":{"start":{"line":26,"column":29},"end":{"line":44,"column":1}},"10":{"start":{"line":30,"column":2},"end":{"line":43,"column":3}},"11":{"start":{"line":31,"column":19},"end":{"line":37,"column":6}},"12":{"start":{"line":39,"column":4},"end":{"line":39,"column":33}},"13":{"start":{"line":41,"column":4},"end":{"line":41,"column":21}},"14":{"start":{"line":42,"column":4},"end":{"line":42,"column":24}},"15":{"start":{"line":46,"column":26},"end":{"line":65,"column":1}},"16":{"start":{"line":47,"column":2},"end":{"line":48,"column":65}},"17":{"start":{"line":48,"column":4},"end":{"line":48,"column":65}},"18":{"start":{"line":49,"column":15},"end":{"line":49,"column":57}},"19":{"start":{"line":51,"column":2},"end":{"line":52,"column":77}},"20":{"start":{"line":52,"column":4},"end":{"line":52,"column":77}},"21":{"start":{"line":53,"column":2},"end":{"line":53,"column":52}},"22":{"start":{"line":53,"column":24},"end":{"line":53,"column":52}},"23":{"start":{"line":54,"column":2},"end":{"line":54,"column":55}},"24":{"start":{"line":54,"column":25},"end":{"line":54,"column":55}},"25":{"start":{"line":55,"column":2},"end":{"line":55,"column":49}},"26":{"start":{"line":55,"column":23},"end":{"line":55,"column":49}},"27":{"start":{"line":56,"column":2},"end":{"line":61,"column":3}},"28":{"start":{"line":57,"column":20},"end":{"line":57,"column":33}},"29":{"start":{"line":58,"column":4},"end":{"line":58,"column":27}},"30":{"start":{"line":59,"column":25},"end":{"line":59,"column":58}},"31":{"start":{"line":60,"column":4},"end":{"line":60,"column":34}},"32":{"start":{"line":63,"column":17},"end":{"line":63,"column":34}},"33":{"start":{"line":64,"column":2},"end":{"line":64,"column":19}},"34":{"start":{"line":67,"column":24},"end":{"line":77,"column":1}},"35":{"start":{"line":68,"column":2},"end":{"line":69,"column":72}},"36":{"start":{"line":69,"column":4},"end":{"line":69,"column":72}},"37":{"start":{"line":71,"column":15},"end":{"line":71,"column":57}},"38":{"start":{"line":73,"column":2},"end":{"line":74,"column":77}},"39":{"start":{"line":74,"column":4},"end":{"line":74,"column":77}},"40":{"start":{"line":76,"column":2},"end":{"line":76,"column":17}},"41":{"start":{"line":79,"column":26},"end":{"line":90,"column":1}},"42":{"start":{"line":80,"column":2},"end":{"line":81,"column":72}},"43":{"start":{"line":81,"column":4},"end":{"line":81,"column":72}},"44":{"start":{"line":83,"column":15},"end":{"line":83,"column":57}},"45":{"start":{"line":85,"column":2},"end":{"line":86,"column":77}},"46":{"start":{"line":86,"column":4},"end":{"line":86,"column":77}},"47":{"start":{"line":88,"column":17},"end":{"line":88,"column":61}},"48":{"start":{"line":89,"column":2},"end":{"line":89,"column":19}},"49":{"start":{"line":92,"column":24},"end":{"line":122,"column":1}},"50":{"start":{"line":93,"column":2},"end":{"line":94,"column":72}},"51":{"start":{"line":94,"column":4},"end":{"line":94,"column":72}},"52":{"start":{"line":96,"column":15},"end":{"line":96,"column":57}},"53":{"start":{"line":98,"column":2},"end":{"line":98,"column":72}},"54":{"start":{"line":98,"column":13},"end":{"line":98,"column":72}},"55":{"start":{"line":100,"column":16},"end":{"line":100,"column":26}},"56":{"start":{"line":101,"column":16},"end":{"line":104,"column":3}},"57":{"start":{"line":106,"column":17},"end":{"line":106,"column":32}},"58":{"start":{"line":107,"column":19},"end":{"line":107,"column":72}},"59":{"start":{"line":107,"column":43},"end":{"line":107,"column":71}},"60":{"start":{"line":109,"column":2},"end":{"line":113,"column":3}},"61":{"start":{"line":110,"column":4},"end":{"line":110,"column":29}},"62":{"start":{"line":111,"column":4},"end":{"line":111,"column":16}},"63":{"start":{"line":112,"column":4},"end":{"line":112,"column":52}},"64":{"start":{"line":115,"column":14},"end":{"line":115,"column":45}},"65":{"start":{"line":116,"column":2},"end":{"line":116,"column":28}},"66":{"start":{"line":118,"column":2},"end":{"line":118,"column":18}},"67":{"start":{"line":119,"column":2},"end":{"line":119,"column":29}},"68":{"start":{"line":120,"column":2},"end":{"line":120,"column":14}},"69":{"start":{"line":121,"column":2},"end":{"line":121,"column":47}}},"fnMap":{"0":{"name":"(anonymous_0)","decl":{"start":{"line":5,"column":27},"end":{"line":5,"column":28}},"loc":{"start":{"line":5,"column":47},"end":{"line":24,"column":1}},"line":5},"1":{"name":"(anonymous_1)","decl":{"start":{"line":26,"column":29},"end":{"line":26,"column":30}},"loc":{"start":{"line":26,"column":49},"end":{"line":44,"column":1}},"line":26},"2":{"name":"(anonymous_2)","decl":{"start":{"line":46,"column":26},"end":{"line":46,"column":27}},"loc":{"start":{"line":46,"column":46},"end":{"line":65,"column":1}},"line":46},"3":{"name":"(anonymous_3)","decl":{"start":{"line":67,"column":24},"end":{"line":67,"column":25}},"loc":{"start":{"line":67,"column":44},"end":{"line":77,"column":1}},"line":67},"4":{"name":"(anonymous_4)","decl":{"start":{"line":79,"column":26},"end":{"line":79,"column":27}},"loc":{"start":{"line":79,"column":46},"end":{"line":90,"column":1}},"line":79},"5":{"name":"(anonymous_5)","decl":{"start":{"line":92,"column":24},"end":{"line":92,"column":25}},"loc":{"start":{"line":92,"column":44},"end":{"line":122,"column":1}},"line":92},"6":{"name":"(anonymous_6)","decl":{"start":{"line":107,"column":33},"end":{"line":107,"column":34}},"loc":{"start":{"line":107,"column":43},"end":{"line":107,"column":71}},"line":107}},"branchMap":{"0":{"loc":{"start":{"line":7,"column":2},"end":{"line":7,"column":73}},"type":"if","locations":[{"start":{"line":7,"column":2},"end":{"line":7,"column":73}},{"start":{},"end":{}}],"line":7},"1":{"loc":{"start":{"line":47,"column":2},"end":{"line":48,"column":65}},"type":"if","locations":[{"start":{"line":47,"column":2},"end":{"line":48,"column":65}},{"start":{},"end":{}}],"line":47},"2":{"loc":{"start":{"line":51,"column":2},"end":{"line":52,"column":77}},"type":"if","locations":[{"start":{"line":51,"column":2},"end":{"line":52,"column":77}},{"start":{},"end":{}}],"line":51},"3":{"loc":{"start":{"line":53,"column":2},"end":{"line":53,"column":52}},"type":"if","locations":[{"start":{"line":53,"column":2},"end":{"line":53,"column":52}},{"start":{},"end":{}}],"line":53},"4":{"loc":{"start":{"line":54,"column":2},"end":{"line":54,"column":55}},"type":"if","locations":[{"start":{"line":54,"column":2},"end":{"line":54,"column":55}},{"start":{},"end":{}}],"line":54},"5":{"loc":{"start":{"line":55,"column":2},"end":{"line":55,"column":49}},"type":"if","locations":[{"start":{"line":55,"column":2},"end":{"line":55,"column":49}},{"start":{},"end":{}}],"line":55},"6":{"loc":{"start":{"line":56,"column":2},"end":{"line":61,"column":3}},"type":"if","locations":[{"start":{"line":56,"column":2},"end":{"line":61,"column":3}},{"start":{},"end":{}}],"line":56},"7":{"loc":{"start":{"line":68,"column":2},"end":{"line":69,"column":72}},"type":"if","locations":[{"start":{"line":68,"column":2},"end":{"line":69,"column":72}},{"start":{},"end":{}}],"line":68},"8":{"loc":{"start":{"line":73,"column":2},"end":{"line":74,"column":77}},"type":"if","locations":[{"start":{"line":73,"column":2},"end":{"line":74,"column":77}},{"start":{},"end":{}}],"line":73},"9":{"loc":{"start":{"line":80,"column":2},"end":{"line":81,"column":72}},"type":"if","locations":[{"start":{"line":80,"column":2},"end":{"line":81,"column":72}},{"start":{},"end":{}}],"line":80},"10":{"loc":{"start":{"line":85,"column":2},"end":{"line":86,"column":77}},"type":"if","locations":[{"start":{"line":85,"column":2},"end":{"line":86,"column":77}},{"start":{},"end":{}}],"line":85},"11":{"loc":{"start":{"line":93,"column":2},"end":{"line":94,"column":72}},"type":"if","locations":[{"start":{"line":93,"column":2},"end":{"line":94,"column":72}},{"start":{},"end":{}}],"line":93},"12":{"loc":{"start":{"line":98,"column":2},"end":{"line":98,"column":72}},"type":"if","locations":[{"start":{"line":98,"column":2},"end":{"line":98,"column":72}},{"start":{},"end":{}}],"line":98},"13":{"loc":{"start":{"line":109,"column":2},"end":{"line":113,"column":3}},"type":"if","locations":[{"start":{"line":109,"column":2},"end":{"line":113,"column":3}},{"start":{},"end":{}}],"line":109}},"s":{"0":3,"1":1,"2":1,"3":0,"4":1,"5":1,"6":4,"7":4,"8":1,"9":3,"10":0,"11":0,"12":0,"13":0,"14":0,"15":3,"16":0,"17":0,"18":0,"19":0,"20":0,"21":0,"22":0,"23":0,"24":0,"25":0,"26":0,"27":0,"28":0,"29":0,"30":0,"31":0,"32":0,"33":0,"34":3,"35":0,"36":0,"37":0,"38":0,"39":0,"40":0,"41":3,"42":0,"43":0,"44":0,"45":0,"46":0,"47":0,"48":0,"49":3,"50":0,"51":0,"52":0,"53":0,"54":0,"55":0,"56":0,"57":0,"58":0,"59":0,"60":0,"61":0,"62":0,"63":0,"64":0,"65":0,"66":0,"67":0,"68":0,"69":0},"f":{"0":1,"1":0,"2":0,"3":0,"4":0,"5":0,"6":0},"b":{"0":[0,1],"1":[0,0],"2":[0,0],"3":[0,0],"4":[0,0],"5":[0,0],"6":[0,0],"7":[0,0],"8":[0,0],"9":[0,0],"10":[0,0],"11":[0,0],"12":[0,0],"13":[0,0]},"_coverageSchema":"1a1c01bbd47fc00a2c39e90264f33305004495a9","hash":"d35ff06078e8c2114bb0349cf3dfeb300816547b"}
,"C:\\Users\\PC\\Desktop\\nodejs-endpoint\\src\\controllers\\commentcontroller.js": {"path":"C:\\Users\\PC\\Desktop\\nodejs-endpoint\\src\\controllers\\commentcontroller.js","statementMap":{"0":{"start":{"line":4,"column":29},"end":{"line":27,"column":1}},"1":{"start":{"line":5,"column":2},"end":{"line":6,"column":72}},"2":{"start":{"line":6,"column":4},"end":{"line":6,"column":72}},"3":{"start":{"line":8,"column":15},"end":{"line":8,"column":57}},"4":{"start":{"line":10,"column":2},"end":{"line":10,"column":72}},"5":{"start":{"line":10,"column":13},"end":{"line":10,"column":72}},"6":{"start":{"line":12,"column":2},"end":{"line":26,"column":3}},"7":{"start":{"line":13,"column":18},"end":{"line":13,"column":28}},"8":{"start":{"line":14,"column":21},"end":{"line":19,"column":5}},"9":{"start":{"line":21,"column":17},"end":{"line":21,"column":49}},"10":{"start":{"line":22,"column":4},"end":{"line":22,"column":51}},"11":{"start":{"line":24,"column":4},"end":{"line":24,"column":23}},"12":{"start":{"line":25,"column":4},"end":{"line":25,"column":31}}},"fnMap":{"0":{"name":"(anonymous_0)","decl":{"start":{"line":4,"column":29},"end":{"line":4,"column":30}},"loc":{"start":{"line":4,"column":49},"end":{"line":27,"column":1}},"line":4}},"branchMap":{"0":{"loc":{"start":{"line":5,"column":2},"end":{"line":6,"column":72}},"type":"if","locations":[{"start":{"line":5,"column":2},"end":{"line":6,"column":72}},{"start":{},"end":{}}],"line":5},"1":{"loc":{"start":{"line":10,"column":2},"end":{"line":10,"column":72}},"type":"if","locations":[{"start":{"line":10,"column":2},"end":{"line":10,"column":72}},{"start":{},"end":{}}],"line":10}},"s":{"0":3,"1":0,"2":0,"3":0,"4":0,"5":0,"6":0,"7":0,"8":0,"9":0,"10":0,"11":0,"12":0},"f":{"0":0},"b":{"0":[0,0],"1":[0,0]},"_coverageSchema":"1a1c01bbd47fc00a2c39e90264f33305004495a9","hash":"b7f967a98b2e90f448e9da2f243c38208004d146"}
,"C:\\Users\\PC\\Desktop\\nodejs-endpoint\\src\\controllers\\queryController.js": {"path":"C:\\Users\\PC\\Desktop\\nodejs-endpoint\\src\\controllers\\queryController.js","statementMap":{"0":{"start":{"line":3,"column":29},"end":{"line":8,"column":1}},"1":{"start":{"line":4,"column":21},"end":{"line":4,"column":39}},"2":{"start":{"line":5,"column":2},"end":{"line":5,"column":80}},"3":{"start":{"line":5,"column":19},"end":{"line":5,"column":80}},"4":{"start":{"line":7,"column":2},"end":{"line":7,"column":23}},"5":{"start":{"line":10,"column":30},"end":{"line":24,"column":1}},"6":{"start":{"line":11,"column":2},"end":{"line":23,"column":3}},"7":{"start":{"line":12,"column":19},"end":{"line":17,"column":6}},"8":{"start":{"line":19,"column":4},"end":{"line":19,"column":21}},"9":{"start":{"line":21,"column":4},"end":{"line":21,"column":21}},"10":{"start":{"line":22,"column":4},"end":{"line":22,"column":20}},"11":{"start":{"line":26,"column":27},"end":{"line":33,"column":1}},"12":{"start":{"line":27,"column":2},"end":{"line":28,"column":66}},"13":{"start":{"line":28,"column":4},"end":{"line":28,"column":66}},"14":{"start":{"line":30,"column":17},"end":{"line":30,"column":62}},"15":{"start":{"line":32,"column":2},"end":{"line":32,"column":19}}},"fnMap":{"0":{"name":"(anonymous_0)","decl":{"start":{"line":3,"column":29},"end":{"line":3,"column":30}},"loc":{"start":{"line":3,"column":49},"end":{"line":8,"column":1}},"line":3},"1":{"name":"(anonymous_1)","decl":{"start":{"line":10,"column":30},"end":{"line":10,"column":31}},"loc":{"start":{"line":10,"column":50},"end":{"line":24,"column":1}},"line":10},"2":{"name":"(anonymous_2)","decl":{"start":{"line":26,"column":27},"end":{"line":26,"column":28}},"loc":{"start":{"line":26,"column":47},"end":{"line":33,"column":1}},"line":26}},"branchMap":{"0":{"loc":{"start":{"line":5,"column":2},"end":{"line":5,"column":80}},"type":"if","locations":[{"start":{"line":5,"column":2},"end":{"line":5,"column":80}},{"start":{},"end":{}}],"line":5},"1":{"loc":{"start":{"line":27,"column":2},"end":{"line":28,"column":66}},"type":"if","locations":[{"start":{"line":27,"column":2},"end":{"line":28,"column":66}},{"start":{},"end":{}}],"line":27}},"s":{"0":3,"1":1,"2":1,"3":0,"4":1,"5":3,"6":0,"7":0,"8":0,"9":0,"10":0,"11":3,"12":0,"13":0,"14":0,"15":0},"f":{"0":1,"1":0,"2":0},"b":{"0":[0,1],"1":[0,0]},"_coverageSchema":"1a1c01bbd47fc00a2c39e90264f33305004495a9","hash":"dc10da7dde5b9f9fa4c735f59200b4c9328d998e"}
,"C:\\Users\\PC\\Desktop\\nodejs-endpoint\\src\\controllers\\userController.js": {"path":"C:\\Users\\PC\\Desktop\\nodejs-endpoint\\src\\controllers\\userController.js","statementMap":{"0":{"start":{"line":6,"column":35},"end":{"line":21,"column":1}},"1":{"start":{"line":7,"column":2},"end":{"line":20,"column":3}},"2":{"start":{"line":8,"column":22},"end":{"line":8,"column":62}},"3":{"start":{"line":9,"column":19},"end":{"line":14,"column":6}},"4":{"start":{"line":16,"column":4},"end":{"line":16,"column":45}},"5":{"start":{"line":18,"column":4},"end":{"line":18,"column":21}},"6":{"start":{"line":19,"column":4},"end":{"line":19,"column":51}},"7":{"start":{"line":23,"column":34},"end":{"line":47,"column":1}},"8":{"start":{"line":24,"column":2},"end":{"line":24,"column":24}},"9":{"start":{"line":24,"column":9},"end":{"line":24,"column":24}},"10":{"start":{"line":35,"column":18},"end":{"line":35,"column":26}},"11":{"start":{"line":37,"column":15},"end":{"line":37,"column":37}},"12":{"start":{"line":46,"column":2},"end":{"line":46,"column":51}},"13":{"start":{"line":49,"column":28},"end":{"line":58,"column":1}},"14":{"start":{"line":50,"column":22},"end":{"line":50,"column":67}},"15":{"start":{"line":52,"column":2},"end":{"line":52,"column":47}},"16":{"start":{"line":52,"column":20},"end":{"line":52,"column":47}},"17":{"start":{"line":54,"column":2},"end":{"line":54,"column":25}},"18":{"start":{"line":55,"column":17},"end":{"line":55,"column":41}},"19":{"start":{"line":57,"column":2},"end":{"line":57,"column":38}},"20":{"start":{"line":59,"column":24},"end":{"line":65,"column":1}},"21":{"start":{"line":60,"column":16},"end":{"line":60,"column":33}},"22":{"start":{"line":62,"column":2},"end":{"line":62,"column":73}},"23":{"start":{"line":62,"column":14},"end":{"line":62,"column":73}},"24":{"start":{"line":64,"column":2},"end":{"line":64,"column":18}}},"fnMap":{"0":{"name":"(anonymous_0)","decl":{"start":{"line":6,"column":35},"end":{"line":6,"column":36}},"loc":{"start":{"line":6,"column":55},"end":{"line":21,"column":1}},"line":6},"1":{"name":"(anonymous_1)","decl":{"start":{"line":23,"column":34},"end":{"line":23,"column":35}},"loc":{"start":{"line":23,"column":54},"end":{"line":47,"column":1}},"line":23},"2":{"name":"(anonymous_2)","decl":{"start":{"line":49,"column":28},"end":{"line":49,"column":29}},"loc":{"start":{"line":49,"column":48},"end":{"line":58,"column":1}},"line":49},"3":{"name":"(anonymous_3)","decl":{"start":{"line":59,"column":24},"end":{"line":59,"column":25}},"loc":{"start":{"line":59,"column":44},"end":{"line":65,"column":1}},"line":59}},"branchMap":{"0":{"loc":{"start":{"line":52,"column":2},"end":{"line":52,"column":47}},"type":"if","locations":[{"start":{"line":52,"column":2},"end":{"line":52,"column":47}},{"start":{},"end":{}}],"line":52},"1":{"loc":{"start":{"line":62,"column":2},"end":{"line":62,"column":73}},"type":"if","locations":[{"start":{"line":62,"column":2},"end":{"line":62,"column":73}},{"start":{},"end":{}}],"line":62}},"s":{"0":3,"1":1,"2":1,"3":1,"4":1,"5":0,"6":0,"7":3,"8":0,"9":0,"10":0,"11":0,"12":0,"13":3,"14":0,"15":0,"16":0,"17":0,"18":0,"19":0,"20":3,"21":3,"22":3,"23":0,"24":3},"f":{"0":1,"1":0,"2":0,"3":3},"b":{"0":[0,0],"1":[0,3]},"_coverageSchema":"1a1c01bbd47fc00a2c39e90264f33305004495a9","hash":"abbbdc8e15932a6fbaee5a6c88f546f2e48eaff5"}
,"C:\\Users\\PC\\Desktop\\nodejs-endpoint\\src\\middleware\\authVerifyMiddleWare.js": {"path":"C:\\Users\\PC\\Desktop\\nodejs-endpoint\\src\\middleware\\authVerifyMiddleWare.js","statementMap":{"0":{"start":{"line":4,"column":31},"end":{"line":19,"column":1}},"1":{"start":{"line":5,"column":2},"end":{"line":6,"column":69}},"2":{"start":{"line":6,"column":4},"end":{"line":6,"column":69}},"3":{"start":{"line":8,"column":16},"end":{"line":8,"column":58}},"4":{"start":{"line":10,"column":2},"end":{"line":10,"column":76}},"5":{"start":{"line":10,"column":14},"end":{"line":10,"column":76}},"6":{"start":{"line":12,"column":2},"end":{"line":18,"column":3}},"7":{"start":{"line":13,"column":20},"end":{"line":13,"column":42}},"8":{"start":{"line":14,"column":4},"end":{"line":14,"column":32}},"9":{"start":{"line":15,"column":4},"end":{"line":15,"column":11}},"10":{"start":{"line":17,"column":4},"end":{"line":17,"column":55}}},"fnMap":{"0":{"name":"(anonymous_0)","decl":{"start":{"line":4,"column":31},"end":{"line":4,"column":32}},"loc":{"start":{"line":4,"column":51},"end":{"line":19,"column":1}},"line":4}},"branchMap":{"0":{"loc":{"start":{"line":5,"column":2},"end":{"line":6,"column":69}},"type":"if","locations":[{"start":{"line":5,"column":2},"end":{"line":6,"column":69}},{"start":{},"end":{}}],"line":5},"1":{"loc":{"start":{"line":10,"column":2},"end":{"line":10,"column":76}},"type":"if","locations":[{"start":{"line":10,"column":2},"end":{"line":10,"column":76}},{"start":{},"end":{}}],"line":10}},"s":{"0":3,"1":0,"2":0,"3":0,"4":0,"5":0,"6":0,"7":0,"8":0,"9":0,"10":0},"f":{"0":0},"b":{"0":[0,0],"1":[0,0]},"_coverageSchema":"1a1c01bbd47fc00a2c39e90264f33305004495a9","hash":"e56a83e42eb0782f5f7c172040e79311021c14fe"}
,"C:\\Users\\PC\\Desktop\\nodejs-endpoint\\src\\middleware\\validationMiddleWare.js": {"path":"C:\\Users\\PC\\Desktop\\nodejs-endpoint\\src\\middleware\\validationMiddleWare.js","statementMap":{"0":{"start":{"line":3,"column":24},"end":{"line":11,"column":1}},"1":{"start":{"line":3,"column":36},"end":{"line":11,"column":1}},"2":{"start":{"line":4,"column":20},"end":{"line":4,"column":45}},"3":{"start":{"line":5,"column":2},"end":{"line":10,"column":3}},"4":{"start":{"line":6,"column":4},"end":{"line":6,"column":64}},"5":{"start":{"line":9,"column":4},"end":{"line":9,"column":11}}},"fnMap":{"0":{"name":"(anonymous_0)","decl":{"start":{"line":3,"column":24},"end":{"line":3,"column":25}},"loc":{"start":{"line":3,"column":36},"end":{"line":11,"column":1}},"line":3},"1":{"name":"(anonymous_1)","decl":{"start":{"line":3,"column":36},"end":{"line":3,"column":37}},"loc":{"start":{"line":3,"column":56},"end":{"line":11,"column":1}},"line":3}},"branchMap":{"0":{"loc":{"start":{"line":5,"column":2},"end":{"line":10,"column":3}},"type":"if","locations":[{"start":{"line":5,"column":2},"end":{"line":10,"column":3}},{"start":{"line":8,"column":9},"end":{"line":10,"column":3}}],"line":5}},"s":{"0":3,"1":18,"2":3,"3":3,"4":2,"5":1},"f":{"0":18,"1":3},"b":{"0":[2,1]},"_coverageSchema":"1a1c01bbd47fc00a2c39e90264f33305004495a9","hash":"dadf56d46a218e194a7edbeaf0a4ff9d0627f4dd"}
,"C:\\Users\\PC\\Desktop\\nodejs-endpoint\\src\\models\\Query.js": {"path":"C:\\Users\\PC\\Desktop\\nodejs-endpoint\\src\\models\\Query.js","statementMap":{"0":{"start":{"line":3,"column":20},"end":{"line":20,"column":2}},"1":{"start":{"line":22,"column":14},"end":{"line":22,"column":50}},"2":{"start":{"line":23,"column":22},"end":{"line":23,"column":34}}},"fnMap":{},"branchMap":{},"s":{"0":3,"1":3,"2":3},"f":{},"b":{},"_coverageSchema":"1a1c01bbd47fc00a2c39e90264f33305004495a9","hash":"8b4ba5c1faa31e247b9c937c08d18eb27d53f0b4"}
,"C:\\Users\\PC\\Desktop\\nodejs-endpoint\\src\\models\\blogs.js": {"path":"C:\\Users\\PC\\Desktop\\nodejs-endpoint\\src\\models\\blogs.js","statementMap":{"0":{"start":{"line":3,"column":19},"end":{"line":28,"column":2}},"1":{"start":{"line":30,"column":14},"end":{"line":30,"column":48}},"2":{"start":{"line":32,"column":22},"end":{"line":32,"column":34}}},"fnMap":{},"branchMap":{},"s":{"0":3,"1":3,"2":3},"f":{},"b":{},"_coverageSchema":"1a1c01bbd47fc00a2c39e90264f33305004495a9","hash":"6782645a5fd324cfb0d8b7676c61d6e88250b0fe"}
,"C:\\Users\\PC\\Desktop\\nodejs-endpoint\\src\\models\\comment.js": {"path":"C:\\Users\\PC\\Desktop\\nodejs-endpoint\\src\\models\\comment.js","statementMap":{"0":{"start":{"line":2,"column":22},"end":{"line":19,"column":2}},"1":{"start":{"line":21,"column":14},"end":{"line":21,"column":54}},"2":{"start":{"line":22,"column":22},"end":{"line":22,"column":34}}},"fnMap":{},"branchMap":{},"s":{"0":3,"1":3,"2":3},"f":{},"b":{},"_coverageSchema":"1a1c01bbd47fc00a2c39e90264f33305004495a9","hash":"3a2dd1085bd16c75e6272ad929c82967fa6452c0"}
,"C:\\Users\\PC\\Desktop\\nodejs-endpoint\\src\\models\\user.js": {"path":"C:\\Users\\PC\\Desktop\\nodejs-endpoint\\src\\models\\user.js","statementMap":{"0":{"start":{"line":3,"column":20},"end":{"line":20,"column":2}},"1":{"start":{"line":22,"column":14},"end":{"line":22,"column":49}},"2":{"start":{"line":23,"column":22},"end":{"line":23,"column":34}}},"fnMap":{},"branchMap":{},"s":{"0":3,"1":3,"2":3},"f":{},"b":{},"_coverageSchema":"1a1c01bbd47fc00a2c39e90264f33305004495a9","hash":"c88c2ba88bafd6aadfb89b28512a57b9d0dd2d5b"}
,"C:\\Users\\PC\\Desktop\\nodejs-endpoint\\src\\routers\\api\\blogsRoutes.js": {"path":"C:\\Users\\PC\\Desktop\\nodejs-endpoint\\src\\routers\\api\\blogsRoutes.js","statementMap":{"0":{"start":{"line":19,"column":15},"end":{"line":19,"column":31}},"1":{"start":{"line":21,"column":0},"end":{"line":24,"column":48}},"2":{"start":{"line":26,"column":0},"end":{"line":26,"column":78}},"3":{"start":{"line":28,"column":0},"end":{"line":28,"column":42}},"4":{"start":{"line":30,"column":0},"end":{"line":37,"column":22}}},"fnMap":{},"branchMap":{},"s":{"0":3,"1":3,"2":3,"3":3,"4":3},"f":{},"b":{},"_coverageSchema":"1a1c01bbd47fc00a2c39e90264f33305004495a9","hash":"9ae38eb96f7779c22e4a873d7c7c7142797f53bc"}
,"C:\\Users\\PC\\Desktop\\nodejs-endpoint\\src\\routers\\api\\queriesrouters.js": {"path":"C:\\Users\\PC\\Desktop\\nodejs-endpoint\\src\\routers\\api\\queriesrouters.js","statementMap":{"0":{"start":{"line":11,"column":15},"end":{"line":11,"column":31}},"1":{"start":{"line":13,"column":0},"end":{"line":16,"column":48}},"2":{"start":{"line":18,"column":0},"end":{"line":18,"column":58}}},"fnMap":{},"branchMap":{},"s":{"0":3,"1":3,"2":3},"f":{},"b":{},"_coverageSchema":"1a1c01bbd47fc00a2c39e90264f33305004495a9","hash":"794ad10eddf8e0b3ba7fb9b807a7af8205c2d92b"}
,"C:\\Users\\PC\\Desktop\\nodejs-endpoint\\src\\routers\\api\\userRoutes.js": {"path":"C:\\Users\\PC\\Desktop\\nodejs-endpoint\\src\\routers\\api\\userRoutes.js","statementMap":{"0":{"start":{"line":13,"column":15},"end":{"line":13,"column":31}},"1":{"start":{"line":15,"column":0},"end":{"line":15,"column":32}},"2":{"start":{"line":16,"column":0},"end":{"line":22,"column":2}},"3":{"start":{"line":23,"column":0},"end":{"line":29,"column":2}},"4":{"start":{"line":30,"column":0},"end":{"line":30,"column":59}}},"fnMap":{},"branchMap":{},"s":{"0":3,"1":3,"2":3,"3":3,"4":3},"f":{},"b":{},"_coverageSchema":"1a1c01bbd47fc00a2c39e90264f33305004495a9","hash":"e633382f1df96c1d79e8935b34f80ab540c4af44"}
}
