{"C:\\Users\\PC\\Desktop\\nodejs-endpoint\\src\\server.js": {"path":"C:\\Users\\PC\\Desktop\\nodejs-endpoint\\src\\server.js","statementMap":{"0":{"start":{"line":2,"column":0},"end":{"line":2,"column":16}},"1":{"start":{"line":13,"column":12},"end":{"line":13,"column":21}},"2":{"start":{"line":14,"column":0},"end":{"line":22,"column":2}},"3":{"start":{"line":24,"column":0},"end":{"line":24,"column":12}},"4":{"start":{"line":26,"column":0},"end":{"line":26,"column":24}},"5":{"start":{"line":27,"column":0},"end":{"line":27,"column":48}},"6":{"start":{"line":29,"column":0},"end":{"line":29,"column":31}},"7":{"start":{"line":30,"column":0},"end":{"line":30,"column":28}},"8":{"start":{"line":31,"column":0},"end":{"line":31,"column":38}},"9":{"start":{"line":32,"column":0},"end":{"line":32,"column":37}},"10":{"start":{"line":34,"column":0},"end":{"line":34,"column":38}},"11":{"start":{"line":35,"column":0},"end":{"line":35,"column":38}},"12":{"start":{"line":36,"column":0},"end":{"line":36,"column":41}},"13":{"start":{"line":38,"column":0},"end":{"line":43,"column":3}},"14":{"start":{"line":39,"column":2},"end":{"line":39,"column":41}},"15":{"start":{"line":40,"column":2},"end":{"line":42,"column":5}},"16":{"start":{"line":41,"column":4},"end":{"line":41,"column":50}}},"fnMap":{"0":{"name":"(anonymous_0)","decl":{"start":{"line":38,"column":33},"end":{"line":38,"column":34}},"loc":{"start":{"line":38,"column":39},"end":{"line":43,"column":1}},"line":38},"1":{"name":"(anonymous_1)","decl":{"start":{"line":40,"column":19},"end":{"line":40,"column":20}},"loc":{"start":{"line":40,"column":25},"end":{"line":42,"column":3}},"line":40}},"branchMap":{},"s":{"0":1,"1":1,"2":1,"3":1,"4":1,"5":1,"6":1,"7":1,"8":1,"9":1,"10":1,"11":1,"12":1,"13":1,"14":1,"15":1,"16":1},"f":{"0":1,"1":1},"b":{},"_coverageSchema":"1a1c01bbd47fc00a2c39e90264f33305004495a9","hash":"d662966ead66b8a2659de40e6c9187571ae157dc"}
,"C:\\Users\\PC\\Desktop\\nodejs-endpoint\\src\\config\\cloudinaryUpload.js": {"path":"C:\\Users\\PC\\Desktop\\nodejs-endpoint\\src\\config\\cloudinaryUpload.js","statementMap":{"0":{"start":{"line":2,"column":0},"end":{"line":2,"column":16}},"1":{"start":{"line":8,"column":0},"end":{"line":12,"column":3}},"2":{"start":{"line":14,"column":32},"end":{"line":42,"column":1}},"3":{"start":{"line":18,"column":23},"end":{"line":18,"column":33}},"4":{"start":{"line":21,"column":29},"end":{"line":21,"column":64}},"5":{"start":{"line":23,"column":2},"end":{"line":41,"column":7}},"6":{"start":{"line":30,"column":6},"end":{"line":30,"column":34}},"7":{"start":{"line":32,"column":6},"end":{"line":35,"column":8}},"8":{"start":{"line":39,"column":6},"end":{"line":39,"column":34}},"9":{"start":{"line":40,"column":6},"end":{"line":40,"column":33}}},"fnMap":{"0":{"name":"(anonymous_0)","decl":{"start":{"line":14,"column":32},"end":{"line":14,"column":33}},"loc":{"start":{"line":14,"column":56},"end":{"line":42,"column":1}},"line":14},"1":{"name":"(anonymous_1)","decl":{"start":{"line":25,"column":10},"end":{"line":25,"column":11}},"loc":{"start":{"line":25,"column":22},"end":{"line":36,"column":5}},"line":25},"2":{"name":"(anonymous_2)","decl":{"start":{"line":37,"column":11},"end":{"line":37,"column":12}},"loc":{"start":{"line":37,"column":22},"end":{"line":41,"column":5}},"line":37}},"branchMap":{},"s":{"0":1,"1":1,"2":1,"3":0,"4":0,"5":0,"6":0,"7":0,"8":0,"9":0},"f":{"0":0,"1":0,"2":0},"b":{},"_coverageSchema":"1a1c01bbd47fc00a2c39e90264f33305004495a9","hash":"b518083bf2174ce2c96c4d990e34766c559bb359"}
,"C:\\Users\\PC\\Desktop\\nodejs-endpoint\\src\\config\\connectDB.js": {"path":"C:\\Users\\PC\\Desktop\\nodejs-endpoint\\src\\config\\connectDB.js","statementMap":{"0":{"start":{"line":3,"column":0},"end":{"line":3,"column":35}},"1":{"start":{"line":5,"column":18},"end":{"line":17,"column":1}},"2":{"start":{"line":6,"column":2},"end":{"line":16,"column":3}},"3":{"start":{"line":7,"column":4},"end":{"line":13,"column":6}},"4":{"start":{"line":15,"column":4},"end":{"line":15,"column":21}}},"fnMap":{"0":{"name":"(anonymous_0)","decl":{"start":{"line":5,"column":18},"end":{"line":5,"column":19}},"loc":{"start":{"line":5,"column":30},"end":{"line":17,"column":1}},"line":5}},"branchMap":{},"s":{"0":1,"1":1,"2":2,"3":2,"4":0},"f":{"0":2},"b":{},"_coverageSchema":"1a1c01bbd47fc00a2c39e90264f33305004495a9","hash":"8dd4cdc50685c0d81fb5ec1ad05874b1570ac52d"}
,"C:\\Users\\PC\\Desktop\\nodejs-endpoint\\src\\config\\passportConfig.js": {"path":"C:\\Users\\PC\\Desktop\\nodejs-endpoint\\src\\config\\passportConfig.js","statementMap":{"0":{"start":{"line":5,"column":22},"end":{"line":5,"column":44}},"1":{"start":{"line":7,"column":31},"end":{"line":32,"column":1}},"2":{"start":{"line":8,"column":2},"end":{"line":31,"column":4}},"3":{"start":{"line":17,"column":8},"end":{"line":28,"column":9}},"4":{"start":{"line":19,"column":29},"end":{"line":19,"column":65}},"5":{"start":{"line":20,"column":10},"end":{"line":22,"column":11}},"6":{"start":{"line":21,"column":12},"end":{"line":21,"column":37}},"7":{"start":{"line":24,"column":23},"end":{"line":24,"column":31}},"8":{"start":{"line":25,"column":10},"end":{"line":25,"column":34}},"9":{"start":{"line":27,"column":10},"end":{"line":27,"column":22}},"10":{"start":{"line":34,"column":30},"end":{"line":60,"column":1}},"11":{"start":{"line":35,"column":2},"end":{"line":59,"column":4}},"12":{"start":{"line":43,"column":8},"end":{"line":56,"column":9}},"13":{"start":{"line":44,"column":23},"end":{"line":44,"column":59}},"14":{"start":{"line":45,"column":10},"end":{"line":45,"column":46}},"15":{"start":{"line":45,"column":21},"end":{"line":45,"column":46}},"16":{"start":{"line":47,"column":10},"end":{"line":47,"column":55}},"17":{"start":{"line":47,"column":30},"end":{"line":47,"column":55}},"18":{"start":{"line":49,"column":22},"end":{"line":49,"column":67}},"19":{"start":{"line":51,"column":10},"end":{"line":51,"column":47}},"20":{"start":{"line":51,"column":22},"end":{"line":51,"column":47}},"21":{"start":{"line":53,"column":10},"end":{"line":53,"column":34}},"22":{"start":{"line":55,"column":10},"end":{"line":55,"column":22}}},"fnMap":{"0":{"name":"(anonymous_0)","decl":{"start":{"line":7,"column":31},"end":{"line":7,"column":32}},"loc":{"start":{"line":7,"column":45},"end":{"line":32,"column":1}},"line":7},"1":{"name":"(anonymous_1)","decl":{"start":{"line":16,"column":6},"end":{"line":16,"column":7}},"loc":{"start":{"line":16,"column":44},"end":{"line":29,"column":7}},"line":16},"2":{"name":"(anonymous_2)","decl":{"start":{"line":34,"column":30},"end":{"line":34,"column":31}},"loc":{"start":{"line":34,"column":44},"end":{"line":60,"column":1}},"line":34},"3":{"name":"(anonymous_3)","decl":{"start":{"line":42,"column":6},"end":{"line":42,"column":7}},"loc":{"start":{"line":42,"column":39},"end":{"line":57,"column":7}},"line":42}},"branchMap":{"0":{"loc":{"start":{"line":20,"column":10},"end":{"line":22,"column":11}},"type":"if","locations":[{"start":{"line":20,"column":10},"end":{"line":22,"column":11}},{"start":{},"end":{}}],"line":20},"1":{"loc":{"start":{"line":45,"column":10},"end":{"line":45,"column":46}},"type":"if","locations":[{"start":{"line":45,"column":10},"end":{"line":45,"column":46}},{"start":{},"end":{}}],"line":45},"2":{"loc":{"start":{"line":47,"column":10},"end":{"line":47,"column":55}},"type":"if","locations":[{"start":{"line":47,"column":10},"end":{"line":47,"column":55}},{"start":{},"end":{}}],"line":47},"3":{"loc":{"start":{"line":51,"column":10},"end":{"line":51,"column":47}},"type":"if","locations":[{"start":{"line":51,"column":10},"end":{"line":51,"column":47}},{"start":{},"end":{}}],"line":51}},"s":{"0":1,"1":1,"2":1,"3":0,"4":0,"5":0,"6":0,"7":0,"8":0,"9":0,"10":1,"11":1,"12":0,"13":0,"14":0,"15":0,"16":0,"17":0,"18":0,"19":0,"20":0,"21":0,"22":0},"f":{"0":1,"1":0,"2":1,"3":0},"b":{"0":[0,0],"1":[0,0],"2":[0,0],"3":[0,0]},"_coverageSchema":"1a1c01bbd47fc00a2c39e90264f33305004495a9","hash":"49c75d754cf47130d3f97a94f761ec579242368d"}
,"C:\\Users\\PC\\Desktop\\nodejs-endpoint\\src\\config\\validation.js": {"path":"C:\\Users\\PC\\Desktop\\nodejs-endpoint\\src\\config\\validation.js","statementMap":{"0":{"start":{"line":3,"column":29},"end":{"line":11,"column":2}},"1":{"start":{"line":13,"column":28},"end":{"line":16,"column":2}},"2":{"start":{"line":18,"column":27},"end":{"line":23,"column":2}},"3":{"start":{"line":25,"column":28},"end":{"line":33,"column":2}},"4":{"start":{"line":34,"column":30},"end":{"line":37,"column":2}}},"fnMap":{},"branchMap":{},"s":{"0":1,"1":1,"2":1,"3":1,"4":1},"f":{},"b":{},"_coverageSchema":"1a1c01bbd47fc00a2c39e90264f33305004495a9","hash":"b7a888d126f86ff3cef8e89bb2c96a439f245c3f"}
,"C:\\Users\\PC\\Desktop\\nodejs-endpoint\\src\\controllers\\blogsController.js": {"path":"C:\\Users\\PC\\Desktop\\nodejs-endpoint\\src\\controllers\\blogsController.js","statementMap":{"0":{"start":{"line":5,"column":27},"end":{"line":24,"column":1}},"1":{"start":{"line":6,"column":16},"end":{"line":6,"column":33}},"2":{"start":{"line":7,"column":2},"end":{"line":7,"column":73}},"3":{"start":{"line":7,"column":14},"end":{"line":7,"column":73}},"4":{"start":{"line":9,"column":27},"end":{"line":9,"column":29}},"5":{"start":{"line":11,"column":2},"end":{"line":21,"column":3}},"6":{"start":{"line":12,"column":15},"end":{"line":19,"column":5}},"7":{"start":{"line":20,"column":4},"end":{"line":20,"column":34}},"8":{"start":{"line":23,"column":2},"end":{"line":23,"column":18}},"9":{"start":{"line":26,"column":29},"end":{"line":45,"column":1}},"10":{"start":{"line":27,"column":2},"end":{"line":27,"column":76}},"11":{"start":{"line":27,"column":18},"end":{"line":27,"column":76}},"12":{"start":{"line":28,"column":20},"end":{"line":28,"column":33}},"13":{"start":{"line":30,"column":23},"end":{"line":30,"column":56}},"14":{"start":{"line":31,"column":2},"end":{"line":44,"column":3}},"15":{"start":{"line":32,"column":19},"end":{"line":38,"column":6}},"16":{"start":{"line":40,"column":4},"end":{"line":40,"column":33}},"17":{"start":{"line":42,"column":4},"end":{"line":42,"column":21}},"18":{"start":{"line":43,"column":4},"end":{"line":43,"column":24}},"19":{"start":{"line":47,"column":26},"end":{"line":66,"column":1}},"20":{"start":{"line":48,"column":2},"end":{"line":49,"column":65}},"21":{"start":{"line":49,"column":4},"end":{"line":49,"column":65}},"22":{"start":{"line":50,"column":15},"end":{"line":50,"column":57}},"23":{"start":{"line":52,"column":2},"end":{"line":53,"column":77}},"24":{"start":{"line":53,"column":4},"end":{"line":53,"column":77}},"25":{"start":{"line":54,"column":2},"end":{"line":54,"column":52}},"26":{"start":{"line":54,"column":24},"end":{"line":54,"column":52}},"27":{"start":{"line":55,"column":2},"end":{"line":55,"column":55}},"28":{"start":{"line":55,"column":25},"end":{"line":55,"column":55}},"29":{"start":{"line":56,"column":2},"end":{"line":56,"column":49}},"30":{"start":{"line":56,"column":23},"end":{"line":56,"column":49}},"31":{"start":{"line":57,"column":2},"end":{"line":62,"column":3}},"32":{"start":{"line":58,"column":20},"end":{"line":58,"column":33}},"33":{"start":{"line":59,"column":4},"end":{"line":59,"column":27}},"34":{"start":{"line":60,"column":25},"end":{"line":60,"column":58}},"35":{"start":{"line":61,"column":4},"end":{"line":61,"column":34}},"36":{"start":{"line":64,"column":17},"end":{"line":64,"column":34}},"37":{"start":{"line":65,"column":2},"end":{"line":65,"column":19}},"38":{"start":{"line":68,"column":24},"end":{"line":78,"column":1}},"39":{"start":{"line":69,"column":2},"end":{"line":70,"column":72}},"40":{"start":{"line":70,"column":4},"end":{"line":70,"column":72}},"41":{"start":{"line":72,"column":15},"end":{"line":72,"column":57}},"42":{"start":{"line":74,"column":2},"end":{"line":75,"column":77}},"43":{"start":{"line":75,"column":4},"end":{"line":75,"column":77}},"44":{"start":{"line":77,"column":2},"end":{"line":77,"column":17}},"45":{"start":{"line":80,"column":26},"end":{"line":91,"column":1}},"46":{"start":{"line":81,"column":2},"end":{"line":82,"column":72}},"47":{"start":{"line":82,"column":4},"end":{"line":82,"column":72}},"48":{"start":{"line":84,"column":15},"end":{"line":84,"column":57}},"49":{"start":{"line":86,"column":2},"end":{"line":87,"column":77}},"50":{"start":{"line":87,"column":4},"end":{"line":87,"column":77}},"51":{"start":{"line":89,"column":17},"end":{"line":89,"column":61}},"52":{"start":{"line":90,"column":2},"end":{"line":90,"column":19}},"53":{"start":{"line":93,"column":24},"end":{"line":123,"column":1}},"54":{"start":{"line":94,"column":2},"end":{"line":95,"column":72}},"55":{"start":{"line":95,"column":4},"end":{"line":95,"column":72}},"56":{"start":{"line":97,"column":15},"end":{"line":97,"column":57}},"57":{"start":{"line":99,"column":2},"end":{"line":99,"column":72}},"58":{"start":{"line":99,"column":13},"end":{"line":99,"column":72}},"59":{"start":{"line":101,"column":16},"end":{"line":101,"column":26}},"60":{"start":{"line":102,"column":16},"end":{"line":105,"column":3}},"61":{"start":{"line":107,"column":17},"end":{"line":107,"column":32}},"62":{"start":{"line":108,"column":19},"end":{"line":108,"column":72}},"63":{"start":{"line":108,"column":43},"end":{"line":108,"column":71}},"64":{"start":{"line":110,"column":2},"end":{"line":114,"column":3}},"65":{"start":{"line":111,"column":4},"end":{"line":111,"column":29}},"66":{"start":{"line":112,"column":4},"end":{"line":112,"column":16}},"67":{"start":{"line":113,"column":4},"end":{"line":113,"column":52}},"68":{"start":{"line":116,"column":14},"end":{"line":116,"column":45}},"69":{"start":{"line":117,"column":2},"end":{"line":117,"column":28}},"70":{"start":{"line":119,"column":2},"end":{"line":119,"column":18}},"71":{"start":{"line":120,"column":2},"end":{"line":120,"column":29}},"72":{"start":{"line":121,"column":2},"end":{"line":121,"column":14}},"73":{"start":{"line":122,"column":2},"end":{"line":122,"column":47}}},"fnMap":{"0":{"name":"(anonymous_0)","decl":{"start":{"line":5,"column":27},"end":{"line":5,"column":28}},"loc":{"start":{"line":5,"column":47},"end":{"line":24,"column":1}},"line":5},"1":{"name":"(anonymous_1)","decl":{"start":{"line":26,"column":29},"end":{"line":26,"column":30}},"loc":{"start":{"line":26,"column":49},"end":{"line":45,"column":1}},"line":26},"2":{"name":"(anonymous_2)","decl":{"start":{"line":47,"column":26},"end":{"line":47,"column":27}},"loc":{"start":{"line":47,"column":46},"end":{"line":66,"column":1}},"line":47},"3":{"name":"(anonymous_3)","decl":{"start":{"line":68,"column":24},"end":{"line":68,"column":25}},"loc":{"start":{"line":68,"column":44},"end":{"line":78,"column":1}},"line":68},"4":{"name":"(anonymous_4)","decl":{"start":{"line":80,"column":26},"end":{"line":80,"column":27}},"loc":{"start":{"line":80,"column":46},"end":{"line":91,"column":1}},"line":80},"5":{"name":"(anonymous_5)","decl":{"start":{"line":93,"column":24},"end":{"line":93,"column":25}},"loc":{"start":{"line":93,"column":44},"end":{"line":123,"column":1}},"line":93},"6":{"name":"(anonymous_6)","decl":{"start":{"line":108,"column":33},"end":{"line":108,"column":34}},"loc":{"start":{"line":108,"column":43},"end":{"line":108,"column":71}},"line":108}},"branchMap":{"0":{"loc":{"start":{"line":7,"column":2},"end":{"line":7,"column":73}},"type":"if","locations":[{"start":{"line":7,"column":2},"end":{"line":7,"column":73}},{"start":{},"end":{}}],"line":7},"1":{"loc":{"start":{"line":27,"column":2},"end":{"line":27,"column":76}},"type":"if","locations":[{"start":{"line":27,"column":2},"end":{"line":27,"column":76}},{"start":{},"end":{}}],"line":27},"2":{"loc":{"start":{"line":48,"column":2},"end":{"line":49,"column":65}},"type":"if","locations":[{"start":{"line":48,"column":2},"end":{"line":49,"column":65}},{"start":{},"end":{}}],"line":48},"3":{"loc":{"start":{"line":52,"column":2},"end":{"line":53,"column":77}},"type":"if","locations":[{"start":{"line":52,"column":2},"end":{"line":53,"column":77}},{"start":{},"end":{}}],"line":52},"4":{"loc":{"start":{"line":54,"column":2},"end":{"line":54,"column":52}},"type":"if","locations":[{"start":{"line":54,"column":2},"end":{"line":54,"column":52}},{"start":{},"end":{}}],"line":54},"5":{"loc":{"start":{"line":55,"column":2},"end":{"line":55,"column":55}},"type":"if","locations":[{"start":{"line":55,"column":2},"end":{"line":55,"column":55}},{"start":{},"end":{}}],"line":55},"6":{"loc":{"start":{"line":56,"column":2},"end":{"line":56,"column":49}},"type":"if","locations":[{"start":{"line":56,"column":2},"end":{"line":56,"column":49}},{"start":{},"end":{}}],"line":56},"7":{"loc":{"start":{"line":57,"column":2},"end":{"line":62,"column":3}},"type":"if","locations":[{"start":{"line":57,"column":2},"end":{"line":62,"column":3}},{"start":{},"end":{}}],"line":57},"8":{"loc":{"start":{"line":69,"column":2},"end":{"line":70,"column":72}},"type":"if","locations":[{"start":{"line":69,"column":2},"end":{"line":70,"column":72}},{"start":{},"end":{}}],"line":69},"9":{"loc":{"start":{"line":74,"column":2},"end":{"line":75,"column":77}},"type":"if","locations":[{"start":{"line":74,"column":2},"end":{"line":75,"column":77}},{"start":{},"end":{}}],"line":74},"10":{"loc":{"start":{"line":81,"column":2},"end":{"line":82,"column":72}},"type":"if","locations":[{"start":{"line":81,"column":2},"end":{"line":82,"column":72}},{"start":{},"end":{}}],"line":81},"11":{"loc":{"start":{"line":86,"column":2},"end":{"line":87,"column":77}},"type":"if","locations":[{"start":{"line":86,"column":2},"end":{"line":87,"column":77}},{"start":{},"end":{}}],"line":86},"12":{"loc":{"start":{"line":94,"column":2},"end":{"line":95,"column":72}},"type":"if","locations":[{"start":{"line":94,"column":2},"end":{"line":95,"column":72}},{"start":{},"end":{}}],"line":94},"13":{"loc":{"start":{"line":99,"column":2},"end":{"line":99,"column":72}},"type":"if","locations":[{"start":{"line":99,"column":2},"end":{"line":99,"column":72}},{"start":{},"end":{}}],"line":99},"14":{"loc":{"start":{"line":110,"column":2},"end":{"line":114,"column":3}},"type":"if","locations":[{"start":{"line":110,"column":2},"end":{"line":114,"column":3}},{"start":{},"end":{}}],"line":110}},"s":{"0":1,"1":1,"2":1,"3":0,"4":1,"5":1,"6":4,"7":4,"8":1,"9":1,"10":0,"11":0,"12":0,"13":0,"14":0,"15":0,"16":0,"17":0,"18":0,"19":1,"20":0,"21":0,"22":0,"23":0,"24":0,"25":0,"26":0,"27":0,"28":0,"29":0,"30":0,"31":0,"32":0,"33":0,"34":0,"35":0,"36":0,"37":0,"38":1,"39":1,"40":0,"41":1,"42":1,"43":1,"44":0,"45":1,"46":1,"47":0,"48":1,"49":1,"50":1,"51":0,"52":0,"53":1,"54":0,"55":0,"56":0,"57":0,"58":0,"59":0,"60":0,"61":0,"62":0,"63":0,"64":0,"65":0,"66":0,"67":0,"68":0,"69":0,"70":0,"71":0,"72":0,"73":0},"f":{"0":1,"1":0,"2":0,"3":1,"4":1,"5":0,"6":0},"b":{"0":[0,1],"1":[0,0],"2":[0,0],"3":[0,0],"4":[0,0],"5":[0,0],"6":[0,0],"7":[0,0],"8":[0,1],"9":[1,0],"10":[0,1],"11":[1,0],"12":[0,0],"13":[0,0],"14":[0,0]},"_coverageSchema":"1a1c01bbd47fc00a2c39e90264f33305004495a9","hash":"b68e09defec87c366749ee58bae2fcc87a6939d4"}
,"C:\\Users\\PC\\Desktop\\nodejs-endpoint\\src\\controllers\\commentcontroller.js": {"path":"C:\\Users\\PC\\Desktop\\nodejs-endpoint\\src\\controllers\\commentcontroller.js","statementMap":{"0":{"start":{"line":4,"column":29},"end":{"line":27,"column":1}},"1":{"start":{"line":5,"column":2},"end":{"line":6,"column":72}},"2":{"start":{"line":6,"column":4},"end":{"line":6,"column":72}},"3":{"start":{"line":8,"column":15},"end":{"line":8,"column":57}},"4":{"start":{"line":10,"column":2},"end":{"line":10,"column":72}},"5":{"start":{"line":10,"column":13},"end":{"line":10,"column":72}},"6":{"start":{"line":12,"column":2},"end":{"line":26,"column":3}},"7":{"start":{"line":13,"column":18},"end":{"line":13,"column":28}},"8":{"start":{"line":14,"column":21},"end":{"line":19,"column":5}},"9":{"start":{"line":21,"column":17},"end":{"line":21,"column":49}},"10":{"start":{"line":22,"column":4},"end":{"line":22,"column":51}},"11":{"start":{"line":24,"column":4},"end":{"line":24,"column":23}},"12":{"start":{"line":25,"column":4},"end":{"line":25,"column":31}}},"fnMap":{"0":{"name":"(anonymous_0)","decl":{"start":{"line":4,"column":29},"end":{"line":4,"column":30}},"loc":{"start":{"line":4,"column":49},"end":{"line":27,"column":1}},"line":4}},"branchMap":{"0":{"loc":{"start":{"line":5,"column":2},"end":{"line":6,"column":72}},"type":"if","locations":[{"start":{"line":5,"column":2},"end":{"line":6,"column":72}},{"start":{},"end":{}}],"line":5},"1":{"loc":{"start":{"line":10,"column":2},"end":{"line":10,"column":72}},"type":"if","locations":[{"start":{"line":10,"column":2},"end":{"line":10,"column":72}},{"start":{},"end":{}}],"line":10}},"s":{"0":1,"1":2,"2":1,"3":1,"4":1,"5":0,"6":1,"7":1,"8":1,"9":1,"10":1,"11":1,"12":1},"f":{"0":2},"b":{"0":[1,1],"1":[0,1]},"_coverageSchema":"1a1c01bbd47fc00a2c39e90264f33305004495a9","hash":"b7f967a98b2e90f448e9da2f243c38208004d146"}
,"C:\\Users\\PC\\Desktop\\nodejs-endpoint\\src\\controllers\\queryController.js": {"path":"C:\\Users\\PC\\Desktop\\nodejs-endpoint\\src\\controllers\\queryController.js","statementMap":{"0":{"start":{"line":3,"column":29},"end":{"line":8,"column":1}},"1":{"start":{"line":4,"column":21},"end":{"line":4,"column":39}},"2":{"start":{"line":5,"column":2},"end":{"line":5,"column":80}},"3":{"start":{"line":5,"column":19},"end":{"line":5,"column":80}},"4":{"start":{"line":7,"column":2},"end":{"line":7,"column":23}},"5":{"start":{"line":10,"column":30},"end":{"line":24,"column":1}},"6":{"start":{"line":11,"column":2},"end":{"line":23,"column":3}},"7":{"start":{"line":12,"column":19},"end":{"line":17,"column":6}},"8":{"start":{"line":19,"column":4},"end":{"line":19,"column":21}},"9":{"start":{"line":21,"column":4},"end":{"line":21,"column":21}},"10":{"start":{"line":22,"column":4},"end":{"line":22,"column":20}},"11":{"start":{"line":26,"column":27},"end":{"line":33,"column":1}},"12":{"start":{"line":27,"column":2},"end":{"line":28,"column":66}},"13":{"start":{"line":28,"column":4},"end":{"line":28,"column":66}},"14":{"start":{"line":30,"column":17},"end":{"line":30,"column":62}},"15":{"start":{"line":32,"column":2},"end":{"line":32,"column":19}}},"fnMap":{"0":{"name":"(anonymous_0)","decl":{"start":{"line":3,"column":29},"end":{"line":3,"column":30}},"loc":{"start":{"line":3,"column":49},"end":{"line":8,"column":1}},"line":3},"1":{"name":"(anonymous_1)","decl":{"start":{"line":10,"column":30},"end":{"line":10,"column":31}},"loc":{"start":{"line":10,"column":50},"end":{"line":24,"column":1}},"line":10},"2":{"name":"(anonymous_2)","decl":{"start":{"line":26,"column":27},"end":{"line":26,"column":28}},"loc":{"start":{"line":26,"column":47},"end":{"line":33,"column":1}},"line":26}},"branchMap":{"0":{"loc":{"start":{"line":5,"column":2},"end":{"line":5,"column":80}},"type":"if","locations":[{"start":{"line":5,"column":2},"end":{"line":5,"column":80}},{"start":{},"end":{}}],"line":5},"1":{"loc":{"start":{"line":27,"column":2},"end":{"line":28,"column":66}},"type":"if","locations":[{"start":{"line":27,"column":2},"end":{"line":28,"column":66}},{"start":{},"end":{}}],"line":27}},"s":{"0":1,"1":2,"2":2,"3":0,"4":2,"5":1,"6":1,"7":1,"8":1,"9":0,"10":0,"11":1,"12":0,"13":0,"14":0,"15":0},"f":{"0":2,"1":1,"2":0},"b":{"0":[0,2],"1":[0,0]},"_coverageSchema":"1a1c01bbd47fc00a2c39e90264f33305004495a9","hash":"dc10da7dde5b9f9fa4c735f59200b4c9328d998e"}
,"C:\\Users\\PC\\Desktop\\nodejs-endpoint\\src\\controllers\\userController.js": {"path":"C:\\Users\\PC\\Desktop\\nodejs-endpoint\\src\\controllers\\userController.js","statementMap":{"0":{"start":{"line":6,"column":35},"end":{"line":21,"column":1}},"1":{"start":{"line":7,"column":2},"end":{"line":20,"column":3}},"2":{"start":{"line":8,"column":22},"end":{"line":8,"column":62}},"3":{"start":{"line":9,"column":19},"end":{"line":14,"column":6}},"4":{"start":{"line":16,"column":4},"end":{"line":16,"column":45}},"5":{"start":{"line":18,"column":4},"end":{"line":18,"column":21}},"6":{"start":{"line":19,"column":4},"end":{"line":19,"column":51}},"7":{"start":{"line":23,"column":34},"end":{"line":47,"column":1}},"8":{"start":{"line":24,"column":2},"end":{"line":24,"column":24}},"9":{"start":{"line":24,"column":9},"end":{"line":24,"column":24}},"10":{"start":{"line":35,"column":18},"end":{"line":35,"column":26}},"11":{"start":{"line":37,"column":15},"end":{"line":37,"column":37}},"12":{"start":{"line":46,"column":2},"end":{"line":46,"column":51}},"13":{"start":{"line":49,"column":28},"end":{"line":58,"column":1}},"14":{"start":{"line":50,"column":22},"end":{"line":50,"column":67}},"15":{"start":{"line":52,"column":2},"end":{"line":52,"column":47}},"16":{"start":{"line":52,"column":20},"end":{"line":52,"column":47}},"17":{"start":{"line":54,"column":2},"end":{"line":54,"column":25}},"18":{"start":{"line":55,"column":17},"end":{"line":55,"column":41}},"19":{"start":{"line":57,"column":2},"end":{"line":57,"column":38}},"20":{"start":{"line":59,"column":24},"end":{"line":65,"column":1}},"21":{"start":{"line":60,"column":16},"end":{"line":60,"column":33}},"22":{"start":{"line":62,"column":2},"end":{"line":62,"column":73}},"23":{"start":{"line":62,"column":14},"end":{"line":62,"column":73}},"24":{"start":{"line":64,"column":2},"end":{"line":64,"column":18}}},"fnMap":{"0":{"name":"(anonymous_0)","decl":{"start":{"line":6,"column":35},"end":{"line":6,"column":36}},"loc":{"start":{"line":6,"column":55},"end":{"line":21,"column":1}},"line":6},"1":{"name":"(anonymous_1)","decl":{"start":{"line":23,"column":34},"end":{"line":23,"column":35}},"loc":{"start":{"line":23,"column":54},"end":{"line":47,"column":1}},"line":23},"2":{"name":"(anonymous_2)","decl":{"start":{"line":49,"column":28},"end":{"line":49,"column":29}},"loc":{"start":{"line":49,"column":48},"end":{"line":58,"column":1}},"line":49},"3":{"name":"(anonymous_3)","decl":{"start":{"line":59,"column":24},"end":{"line":59,"column":25}},"loc":{"start":{"line":59,"column":44},"end":{"line":65,"column":1}},"line":59}},"branchMap":{"0":{"loc":{"start":{"line":52,"column":2},"end":{"line":52,"column":47}},"type":"if","locations":[{"start":{"line":52,"column":2},"end":{"line":52,"column":47}},{"start":{},"end":{}}],"line":52},"1":{"loc":{"start":{"line":62,"column":2},"end":{"line":62,"column":73}},"type":"if","locations":[{"start":{"line":62,"column":2},"end":{"line":62,"column":73}},{"start":{},"end":{}}],"line":62}},"s":{"0":1,"1":1,"2":1,"3":1,"4":1,"5":0,"6":0,"7":1,"8":0,"9":0,"10":0,"11":0,"12":0,"13":1,"14":0,"15":0,"16":0,"17":0,"18":0,"19":0,"20":1,"21":3,"22":3,"23":0,"24":3},"f":{"0":1,"1":0,"2":0,"3":3},"b":{"0":[0,0],"1":[0,3]},"_coverageSchema":"1a1c01bbd47fc00a2c39e90264f33305004495a9","hash":"abbbdc8e15932a6fbaee5a6c88f546f2e48eaff5"}
,"C:\\Users\\PC\\Desktop\\nodejs-endpoint\\src\\middleware\\authVerifyMiddleWare.js": {"path":"C:\\Users\\PC\\Desktop\\nodejs-endpoint\\src\\middleware\\authVerifyMiddleWare.js","statementMap":{"0":{"start":{"line":4,"column":31},"end":{"line":19,"column":1}},"1":{"start":{"line":5,"column":2},"end":{"line":6,"column":69}},"2":{"start":{"line":6,"column":4},"end":{"line":6,"column":69}},"3":{"start":{"line":8,"column":16},"end":{"line":8,"column":58}},"4":{"start":{"line":10,"column":2},"end":{"line":10,"column":76}},"5":{"start":{"line":10,"column":14},"end":{"line":10,"column":76}},"6":{"start":{"line":12,"column":2},"end":{"line":18,"column":3}},"7":{"start":{"line":13,"column":20},"end":{"line":13,"column":42}},"8":{"start":{"line":14,"column":4},"end":{"line":14,"column":32}},"9":{"start":{"line":15,"column":4},"end":{"line":15,"column":11}},"10":{"start":{"line":17,"column":4},"end":{"line":17,"column":55}}},"fnMap":{"0":{"name":"(anonymous_0)","decl":{"start":{"line":4,"column":31},"end":{"line":4,"column":32}},"loc":{"start":{"line":4,"column":51},"end":{"line":19,"column":1}},"line":4}},"branchMap":{"0":{"loc":{"start":{"line":5,"column":2},"end":{"line":6,"column":69}},"type":"if","locations":[{"start":{"line":5,"column":2},"end":{"line":6,"column":69}},{"start":{},"end":{}}],"line":5},"1":{"loc":{"start":{"line":10,"column":2},"end":{"line":10,"column":76}},"type":"if","locations":[{"start":{"line":10,"column":2},"end":{"line":10,"column":76}},{"start":{},"end":{}}],"line":10}},"s":{"0":1,"1":0,"2":0,"3":0,"4":0,"5":0,"6":0,"7":0,"8":0,"9":0,"10":0},"f":{"0":0},"b":{"0":[0,0],"1":[0,0]},"_coverageSchema":"1a1c01bbd47fc00a2c39e90264f33305004495a9","hash":"e56a83e42eb0782f5f7c172040e79311021c14fe"}
,"C:\\Users\\PC\\Desktop\\nodejs-endpoint\\src\\middleware\\validationMiddleWare.js": {"path":"C:\\Users\\PC\\Desktop\\nodejs-endpoint\\src\\middleware\\validationMiddleWare.js","statementMap":{"0":{"start":{"line":3,"column":24},"end":{"line":11,"column":1}},"1":{"start":{"line":3,"column":36},"end":{"line":11,"column":1}},"2":{"start":{"line":4,"column":20},"end":{"line":4,"column":45}},"3":{"start":{"line":5,"column":2},"end":{"line":10,"column":3}},"4":{"start":{"line":6,"column":4},"end":{"line":6,"column":64}},"5":{"start":{"line":9,"column":4},"end":{"line":9,"column":11}}},"fnMap":{"0":{"name":"(anonymous_0)","decl":{"start":{"line":3,"column":24},"end":{"line":3,"column":25}},"loc":{"start":{"line":3,"column":36},"end":{"line":11,"column":1}},"line":3},"1":{"name":"(anonymous_1)","decl":{"start":{"line":3,"column":36},"end":{"line":3,"column":37}},"loc":{"start":{"line":3,"column":56},"end":{"line":11,"column":1}},"line":3}},"branchMap":{"0":{"loc":{"start":{"line":5,"column":2},"end":{"line":10,"column":3}},"type":"if","locations":[{"start":{"line":5,"column":2},"end":{"line":10,"column":3}},{"start":{"line":8,"column":9},"end":{"line":10,"column":3}}],"line":5}},"s":{"0":1,"1":6,"2":6,"3":6,"4":4,"5":2},"f":{"0":6,"1":6},"b":{"0":[4,2]},"_coverageSchema":"1a1c01bbd47fc00a2c39e90264f33305004495a9","hash":"dadf56d46a218e194a7edbeaf0a4ff9d0627f4dd"}
,"C:\\Users\\PC\\Desktop\\nodejs-endpoint\\src\\models\\Query.js": {"path":"C:\\Users\\PC\\Desktop\\nodejs-endpoint\\src\\models\\Query.js","statementMap":{"0":{"start":{"line":3,"column":20},"end":{"line":20,"column":2}},"1":{"start":{"line":22,"column":14},"end":{"line":22,"column":50}},"2":{"start":{"line":23,"column":22},"end":{"line":23,"column":34}}},"fnMap":{},"branchMap":{},"s":{"0":1,"1":1,"2":1},"f":{},"b":{},"_coverageSchema":"1a1c01bbd47fc00a2c39e90264f33305004495a9","hash":"8b4ba5c1faa31e247b9c937c08d18eb27d53f0b4"}
,"C:\\Users\\PC\\Desktop\\nodejs-endpoint\\src\\models\\blogs.js": {"path":"C:\\Users\\PC\\Desktop\\nodejs-endpoint\\src\\models\\blogs.js","statementMap":{"0":{"start":{"line":3,"column":19},"end":{"line":28,"column":2}},"1":{"start":{"line":30,"column":14},"end":{"line":30,"column":48}},"2":{"start":{"line":32,"column":22},"end":{"line":32,"column":34}}},"fnMap":{},"branchMap":{},"s":{"0":1,"1":1,"2":1},"f":{},"b":{},"_coverageSchema":"1a1c01bbd47fc00a2c39e90264f33305004495a9","hash":"6782645a5fd324cfb0d8b7676c61d6e88250b0fe"}
,"C:\\Users\\PC\\Desktop\\nodejs-endpoint\\src\\models\\comment.js": {"path":"C:\\Users\\PC\\Desktop\\nodejs-endpoint\\src\\models\\comment.js","statementMap":{"0":{"start":{"line":2,"column":22},"end":{"line":19,"column":2}},"1":{"start":{"line":21,"column":14},"end":{"line":21,"column":54}},"2":{"start":{"line":22,"column":22},"end":{"line":22,"column":34}}},"fnMap":{},"branchMap":{},"s":{"0":1,"1":1,"2":1},"f":{},"b":{},"_coverageSchema":"1a1c01bbd47fc00a2c39e90264f33305004495a9","hash":"3a2dd1085bd16c75e6272ad929c82967fa6452c0"}
,"C:\\Users\\PC\\Desktop\\nodejs-endpoint\\src\\models\\user.js": {"path":"C:\\Users\\PC\\Desktop\\nodejs-endpoint\\src\\models\\user.js","statementMap":{"0":{"start":{"line":3,"column":20},"end":{"line":20,"column":2}},"1":{"start":{"line":22,"column":14},"end":{"line":22,"column":49}},"2":{"start":{"line":23,"column":22},"end":{"line":23,"column":34}}},"fnMap":{},"branchMap":{},"s":{"0":1,"1":1,"2":1},"f":{},"b":{},"_coverageSchema":"1a1c01bbd47fc00a2c39e90264f33305004495a9","hash":"c88c2ba88bafd6aadfb89b28512a57b9d0dd2d5b"}
,"C:\\Users\\PC\\Desktop\\nodejs-endpoint\\src\\routers\\api\\blogsRoutes.js": {"path":"C:\\Users\\PC\\Desktop\\nodejs-endpoint\\src\\routers\\api\\blogsRoutes.js","statementMap":{"0":{"start":{"line":17,"column":15},"end":{"line":17,"column":43}},"1":{"start":{"line":19,"column":15},"end":{"line":19,"column":31}},"2":{"start":{"line":21,"column":0},"end":{"line":24,"column":74}},"3":{"start":{"line":26,"column":0},"end":{"line":26,"column":78}},"4":{"start":{"line":28,"column":0},"end":{"line":28,"column":42}},"5":{"start":{"line":30,"column":0},"end":{"line":37,"column":22}}},"fnMap":{},"branchMap":{},"s":{"0":1,"1":1,"2":1,"3":1,"4":1,"5":1},"f":{},"b":{},"_coverageSchema":"1a1c01bbd47fc00a2c39e90264f33305004495a9","hash":"ada8a40235970ce7fd0cf4a55147eec3878b9aef"}
,"C:\\Users\\PC\\Desktop\\nodejs-endpoint\\src\\routers\\api\\queriesrouters.js": {"path":"C:\\Users\\PC\\Desktop\\nodejs-endpoint\\src\\routers\\api\\queriesrouters.js","statementMap":{"0":{"start":{"line":11,"column":15},"end":{"line":11,"column":31}},"1":{"start":{"line":13,"column":0},"end":{"line":16,"column":48}},"2":{"start":{"line":18,"column":0},"end":{"line":18,"column":41}}},"fnMap":{},"branchMap":{},"s":{"0":1,"1":1,"2":1},"f":{},"b":{},"_coverageSchema":"1a1c01bbd47fc00a2c39e90264f33305004495a9","hash":"dd7a727bdbae6b979a44aa7ddc21590687bb5157"}
,"C:\\Users\\PC\\Desktop\\nodejs-endpoint\\src\\routers\\api\\userRoutes.js": {"path":"C:\\Users\\PC\\Desktop\\nodejs-endpoint\\src\\routers\\api\\userRoutes.js","statementMap":{"0":{"start":{"line":13,"column":15},"end":{"line":13,"column":31}},"1":{"start":{"line":15,"column":0},"end":{"line":15,"column":32}},"2":{"start":{"line":16,"column":0},"end":{"line":22,"column":2}},"3":{"start":{"line":23,"column":0},"end":{"line":29,"column":2}},"4":{"start":{"line":30,"column":0},"end":{"line":30,"column":59}}},"fnMap":{},"branchMap":{},"s":{"0":1,"1":1,"2":1,"3":1,"4":1},"f":{},"b":{},"_coverageSchema":"1a1c01bbd47fc00a2c39e90264f33305004495a9","hash":"e633382f1df96c1d79e8935b34f80ab540c4af44"}
}
