TN:
SF:src\server.js
FN:38,(anonymous_0)
FN:40,(anonymous_1)
FNF:2
FNH:2
FNDA:1,(anonymous_0)
FNDA:1,(anonymous_1)
DA:2,1
DA:13,1
DA:14,1
DA:24,1
DA:26,1
DA:27,1
DA:29,1
DA:30,1
DA:31,1
DA:32,1
DA:34,1
DA:35,1
DA:36,1
DA:38,1
DA:39,1
DA:40,1
DA:41,1
LF:17
LH:17
BRF:0
BRH:0
end_of_record
TN:
SF:src\config\cloudinaryUpload.js
FN:14,(anonymous_0)
FN:25,(anonymous_1)
FN:37,(anonymous_2)
FNF:3
FNH:0
FNDA:0,(anonymous_0)
FNDA:0,(anonymous_1)
FNDA:0,(anonymous_2)
DA:2,1
DA:8,1
DA:14,1
DA:18,0
DA:21,0
DA:23,0
DA:30,0
DA:32,0
DA:39,0
DA:40,0
LF:10
LH:3
BRF:0
BRH:0
end_of_record
TN:
SF:src\config\connectDB.js
FN:5,(anonymous_0)
FNF:1
FNH:1
FNDA:2,(anonymous_0)
DA:3,1
DA:5,1
DA:6,2
DA:7,2
DA:15,0
LF:5
LH:4
BRF:0
BRH:0
end_of_record
TN:
SF:src\config\passportConfig.js
FN:7,(anonymous_0)
FN:16,(anonymous_1)
FN:34,(anonymous_2)
FN:42,(anonymous_3)
FNF:4
FNH:2
FNDA:1,(anonymous_0)
FNDA:0,(anonymous_1)
FNDA:1,(anonymous_2)
FNDA:0,(anonymous_3)
DA:5,1
DA:7,1
DA:8,1
DA:17,0
DA:19,0
DA:20,0
DA:21,0
DA:24,0
DA:25,0
DA:27,0
DA:34,1
DA:35,1
DA:43,0
DA:44,0
DA:45,0
DA:47,0
DA:49,0
DA:51,0
DA:53,0
DA:55,0
LF:20
LH:5
BRDA:20,0,0,0
BRDA:20,0,1,0
BRDA:45,1,0,0
BRDA:45,1,1,0
BRDA:47,2,0,0
BRDA:47,2,1,0
BRDA:51,3,0,0
BRDA:51,3,1,0
BRF:8
BRH:0
end_of_record
TN:
SF:src\config\validation.js
FNF:0
FNH:0
DA:3,1
DA:13,1
DA:18,1
DA:25,1
DA:34,1
LF:5
LH:5
BRF:0
BRH:0
end_of_record
TN:
SF:src\controllers\blogsController.js
FN:5,(anonymous_0)
FN:26,(anonymous_1)
FN:46,(anonymous_2)
FN:67,(anonymous_3)
FN:79,(anonymous_4)
FN:92,(anonymous_5)
FN:107,(anonymous_6)
FNF:7
FNH:3
FNDA:1,(anonymous_0)
FNDA:0,(anonymous_1)
FNDA:0,(anonymous_2)
FNDA:1,(anonymous_3)
FNDA:1,(anonymous_4)
FNDA:0,(anonymous_5)
FNDA:0,(anonymous_6)
DA:5,1
DA:6,1
DA:7,1
DA:9,1
DA:11,1
DA:12,3
DA:20,3
DA:23,1
DA:26,1
DA:27,0
DA:29,0
DA:30,0
DA:31,0
DA:39,0
DA:41,0
DA:42,0
DA:46,1
DA:47,0
DA:48,0
DA:49,0
DA:51,0
DA:52,0
DA:53,0
DA:54,0
DA:55,0
DA:56,0
DA:57,0
DA:58,0
DA:59,0
DA:60,0
DA:63,0
DA:64,0
DA:67,1
DA:68,1
DA:69,0
DA:71,1
DA:73,1
DA:74,1
DA:76,0
DA:79,1
DA:80,1
DA:81,0
DA:83,1
DA:85,1
DA:86,1
DA:88,0
DA:89,0
DA:92,1
DA:93,0
DA:94,0
DA:96,0
DA:98,0
DA:100,0
DA:101,0
DA:106,0
DA:107,0
DA:109,0
DA:110,0
DA:111,0
DA:112,0
DA:115,0
DA:116,0
DA:118,0
DA:119,0
DA:120,0
DA:121,0
LF:66
LH:21
BRDA:7,0,0,0
BRDA:7,0,1,1
BRDA:47,1,0,0
BRDA:47,1,1,0
BRDA:51,2,0,0
BRDA:51,2,1,0
BRDA:53,3,0,0
BRDA:53,3,1,0
BRDA:54,4,0,0
BRDA:54,4,1,0
BRDA:55,5,0,0
BRDA:55,5,1,0
BRDA:56,6,0,0
BRDA:56,6,1,0
BRDA:68,7,0,0
BRDA:68,7,1,1
BRDA:73,8,0,1
BRDA:73,8,1,0
BRDA:80,9,0,0
BRDA:80,9,1,1
BRDA:85,10,0,1
BRDA:85,10,1,0
BRDA:93,11,0,0
BRDA:93,11,1,0
BRDA:98,12,0,0
BRDA:98,12,1,0
BRDA:109,13,0,0
BRDA:109,13,1,0
BRF:28
BRH:5
end_of_record
TN:
SF:src\controllers\commentcontroller.js
FN:4,(anonymous_0)
FNF:1
FNH:1
FNDA:2,(anonymous_0)
DA:4,1
DA:5,2
DA:6,1
DA:8,1
DA:10,1
DA:12,1
DA:13,1
DA:14,1
DA:21,1
DA:22,1
DA:24,1
DA:25,1
LF:12
LH:12
BRDA:5,0,0,1
BRDA:5,0,1,1
BRDA:10,1,0,0
BRDA:10,1,1,1
BRF:4
BRH:3
end_of_record
TN:
SF:src\controllers\queryController.js
FN:3,(anonymous_0)
FN:10,(anonymous_1)
FN:26,(anonymous_2)
FNF:3
FNH:2
FNDA:2,(anonymous_0)
FNDA:1,(anonymous_1)
FNDA:0,(anonymous_2)
DA:3,1
DA:4,2
DA:5,2
DA:7,2
DA:10,1
DA:11,1
DA:12,1
DA:19,1
DA:21,0
DA:22,0
DA:26,1
DA:27,0
DA:28,0
DA:30,0
DA:32,0
LF:15
LH:9
BRDA:5,0,0,0
BRDA:5,0,1,2
BRDA:27,1,0,0
BRDA:27,1,1,0
BRF:4
BRH:1
end_of_record
TN:
SF:src\controllers\userController.js
FN:6,(anonymous_0)
FN:23,(anonymous_1)
FN:49,(anonymous_2)
FN:59,(anonymous_3)
FNF:4
FNH:2
FNDA:1,(anonymous_0)
FNDA:0,(anonymous_1)
FNDA:0,(anonymous_2)
FNDA:3,(anonymous_3)
DA:6,1
DA:7,1
DA:8,1
DA:9,1
DA:16,1
DA:18,0
DA:19,0
DA:23,1
DA:24,0
DA:35,0
DA:37,0
DA:46,0
DA:49,1
DA:50,0
DA:52,0
DA:54,0
DA:55,0
DA:57,0
DA:59,1
DA:60,3
DA:62,3
DA:64,3
LF:22
LH:11
BRDA:52,0,0,0
BRDA:52,0,1,0
BRDA:62,1,0,0
BRDA:62,1,1,3
BRF:4
BRH:1
end_of_record
TN:
SF:src\middleware\authVerifyMiddleWare.js
FN:4,(anonymous_0)
FNF:1
FNH:0
FNDA:0,(anonymous_0)
DA:4,1
DA:5,0
DA:6,0
DA:8,0
DA:10,0
DA:12,0
DA:13,0
DA:14,0
DA:15,0
DA:17,0
LF:10
LH:1
BRDA:5,0,0,0
BRDA:5,0,1,0
BRDA:10,1,0,0
BRDA:10,1,1,0
BRF:4
BRH:0
end_of_record
TN:
SF:src\middleware\validationMiddleWare.js
FN:3,(anonymous_0)
FN:3,(anonymous_1)
FNF:2
FNH:2
FNDA:6,(anonymous_0)
FNDA:6,(anonymous_1)
DA:3,6
DA:4,6
DA:5,6
DA:6,4
DA:9,2
LF:5
LH:5
BRDA:5,0,0,4
BRDA:5,0,1,2
BRF:2
BRH:2
end_of_record
TN:
SF:src\models\Query.js
FNF:0
FNH:0
DA:3,1
DA:22,1
DA:23,1
LF:3
LH:3
BRF:0
BRH:0
end_of_record
TN:
SF:src\models\blogs.js
FNF:0
FNH:0
DA:3,1
DA:30,1
DA:32,1
LF:3
LH:3
BRF:0
BRH:0
end_of_record
TN:
SF:src\models\comment.js
FNF:0
FNH:0
DA:2,1
DA:21,1
DA:22,1
LF:3
LH:3
BRF:0
BRH:0
end_of_record
TN:
SF:src\models\user.js
FNF:0
FNH:0
DA:3,1
DA:22,1
DA:23,1
LF:3
LH:3
BRF:0
BRH:0
end_of_record
TN:
SF:src\routers\api\blogsRoutes.js
FNF:0
FNH:0
DA:17,1
DA:19,1
DA:21,1
DA:26,1
DA:28,1
DA:30,1
LF:6
LH:6
BRF:0
BRH:0
end_of_record
TN:
SF:src\routers\api\queriesrouters.js
FNF:0
FNH:0
DA:11,1
DA:13,1
DA:18,1
LF:3
LH:3
BRF:0
BRH:0
end_of_record
TN:
SF:src\routers\api\userRoutes.js
FNF:0
FNH:0
DA:13,1
DA:15,1
DA:16,1
DA:23,1
DA:30,1
LF:5
LH:5
BRF:0
BRH:0
end_of_record
